<?xml version="1.0" encoding="UTF-8"?>
<testng-results ignored="0" total="1" passed="1" failed="0" skipped="0">
  <reporter-output>
  </reporter-output>
  <suite started-at="2022-03-01T15:21:05 EST" name="inetBankingV1" finished-at="2022-03-01T15:21:13 EST" duration-ms="7747">
    <groups>
    </groups>
    <test started-at="2022-03-01T15:21:05 EST" name="Test banking" finished-at="2022-03-01T15:21:13 EST" duration-ms="7747">
      <class name="com.inetBanking.TestCases.TC_LoginTest_001">
        <test-method is-config="true" signature="setup(java.lang.String)[pri:0, instance:com.inetBanking.TestCases.TC_LoginTest_001@609db43b]" started-at="2022-03-01T15:21:05 EST" name="setup" finished-at="2022-03-01T15:21:11 EST" duration-ms="5285" status="PASS">
          <params>
            <param index="0">
              <value>
                <![CDATA[chrome]]>
              </value>
            </param>
          </params>
          <reporter-output>
          </reporter-output>
        </test-method> <!-- setup -->
        <test-method signature="loginpagetest()[pri:0, instance:com.inetBanking.TestCases.TC_LoginTest_001@609db43b]" started-at="2022-03-01T15:21:11 EST" name="loginpagetest" finished-at="2022-03-01T15:21:13 EST" duration-ms="2373" status="PASS">
          <reporter-output>
          </reporter-output>
        </test-method> <!-- loginpagetest -->
        <test-method is-config="true" signature="closeBrowser()[pri:0, instance:com.inetBanking.TestCases.TC_LoginTest_001@609db43b]" started-at="2022-03-01T15:21:13 EST" name="closeBrowser" finished-at="2022-03-01T15:21:13 EST" duration-ms="62" status="PASS">
          <reporter-output>
          </reporter-output>
        </test-method> <!-- closeBrowser -->
      </class> <!-- com.inetBanking.TestCases.TC_LoginTest_001 -->
    </test> <!-- Test banking -->
  </suite> <!-- inetBankingV1 -->
</testng-results>
